# JRE version: OpenJDK Runtime Environment (8.0_152-b01) (build 1.8.0_152-release-915-b01)
# Java VM: OpenJDK 64-Bit Server VM (25.152-b01 mixed mode linux-amd64 compressed oops)
Heap:
 PSYoungGen      total 451072K, used 0K [0x00000000e0000000, 0x0000000100000000, 0x0000000100000000)
  eden space 377856K, 0% used [0x00000000e0000000,0x00000000e0000000,0x00000000f7100000)
  from space 73216K, 0% used [0x00000000f7100000,0x00000000f7100000,0x00000000fb880000)
  to   space 73216K, 0% used [0x00000000fb880000,0x00000000fb880000,0x0000000100000000)
 ParOldGen       total 190464K, used 138704K [0x00000000a0000000, 0x00000000aba00000, 0x00000000e0000000)
  object space 190464K, 72% used [0x00000000a0000000,0x00000000a87742e8,0x00000000aba00000)
 Metaspace       used 204322K, capacity 210243K, committed 219968K, reserved 1230848K
  class space    used 33791K, capacity 35152K, committed 37888K, reserved 1048576K
GC Heap History (10 events):
Event: 15003.281 GC heap after
Heap after GC invocations=32 (full 5):
 PSYoungGen      total 423936K, used 0K [0x00000000e0000000, 0x00000000fd980000, 0x0000000100000000)
  eden space 389632K, 0% used [0x00000000e0000000,0x00000000e0000000,0x00000000f7c80000)
  from space 34304K, 0% used [0x00000000f9080000,0x00000000f9080000,0x00000000fb200000)
  to   space 40448K, 0% used [0x00000000fb200000,0x00000000fb200000,0x00000000fd980000)
 ParOldGen       total 190464K, used 112451K [0x00000000a0000000, 0x00000000aba00000, 0x00000000e0000000)
  object space 190464K, 59% used [0x00000000a0000000,0x00000000a6dd0cc0,0x00000000aba00000)
 Metaspace       used 124666K, capacity 129541K, committed 133208K, reserved 1161216K
  class space    used 18673K, capacity 19795K, committed 20608K, reserved 1048576K
}
Event: 15090.198 GC heap before
{Heap before GC invocations=33 (full 5):
 PSYoungGen      total 423936K, used 389632K [0x00000000e0000000, 0x00000000fd980000, 0x0000000100000000)
  eden space 389632K, 100% used [0x00000000e0000000,0x00000000f7c80000,0x00000000f7c80000)
  from space 34304K, 0% used [0x00000000f9080000,0x00000000f9080000,0x00000000fb200000)
  to   space 40448K, 0% used [0x00000000fb200000,0x00000000fb200000,0x00000000fd980000)
 ParOldGen       total 190464K, used 112451K [0x00000000a0000000, 0x00000000aba00000, 0x00000000e0000000)
  object space 190464K, 59% used [0x00000000a0000000,0x00000000a6dd0cc0,0x00000000aba00000)
 Metaspace       used 143160K, capacity 148331K, committed 150616K, reserved 1175552K
  class space    used 22027K, capacity 23210K, committed 23680K, reserved 1048576K
Event: 15090.468 GC heap after
Heap after GC invocations=33 (full 5):
 PSYoungGen      total 435200K, used 33006K [0x00000000e0000000, 0x00000000ff580000, 0x0000000100000000)
  eden space 394752K, 0% used [0x00000000e0000000,0x00000000e0000000,0x00000000f8180000)
  from space 40448K, 81% used [0x00000000fb200000,0x00000000fd23b928,0x00000000fd980000)
  to   space 49664K, 0% used [0x00000000f8180000,0x00000000f8180000,0x00000000fb200000)
 ParOldGen       total 190464K, used 112459K [0x00000000a0000000, 0x00000000aba00000, 0x00000000e0000000)
  object space 190464K, 59% used [0x00000000a0000000,0x00000000a6dd2cc0,0x00000000aba00000)
 Metaspace       used 143160K, capacity 148331K, committed 150616K, reserved 1175552K
  class space    used 22027K, capacity 23210K, committed 23680K, reserved 1048576K
}
Event: 15116.458 GC heap before
{Heap before GC invocations=34 (full 5):
 PSYoungGen      total 435200K, used 427758K [0x00000000e0000000, 0x00000000ff580000, 0x0000000100000000)
  eden space 394752K, 100% used [0x00000000e0000000,0x00000000f8180000,0x00000000f8180000)
  from space 40448K, 81% used [0x00000000fb200000,0x00000000fd23b928,0x00000000fd980000)
  to   space 49664K, 0% used [0x00000000f8180000,0x00000000f8180000,0x00000000fb200000)
 ParOldGen       total 190464K, used 112459K [0x00000000a0000000, 0x00000000aba00000, 0x00000000e0000000)
  object space 190464K, 59% used [0x00000000a0000000,0x00000000a6dd2cc0,0x00000000aba00000)
 Metaspace       used 173853K, capacity 179277K, committed 181720K, reserved 1202176K
  class space    used 27939K, capacity 29165K, committed 29696K, reserved 1048576K
Event: 15116.604 GC heap after
Heap after GC invocations=34 (full 5):
 PSYoungGen      total 444416K, used 49648K [0x00000000e0000000, 0x0000000100000000, 0x0000000100000000)
  eden space 394752K, 0% used [0x00000000e0000000,0x00000000e0000000,0x00000000f8180000)
  from space 49664K, 99% used [0x00000000f8180000,0x00000000fb1fc160,0x00000000fb200000)
  to   space 63488K, 0% used [0x00000000fc200000,0x00000000fc200000,0x0000000100000000)
 ParOldGen       total 190464K, used 127612K [0x00000000a0000000, 0x00000000aba00000, 0x00000000e0000000)
  object space 190464K, 67% used [0x00000000a0000000,0x00000000a7c9f398,0x00000000aba00000)
 Metaspace       used 173853K, capacity 179277K, committed 181720K, reserved 1202176K
  class space    used 27939K, capacity 29165K, committed 29696K, reserved 1048576K
}
Event: 15556.068 GC heap before
{Heap before GC invocations=35 (full 5):
 PSYoungGen      total 444416K, used 444400K [0x00000000e0000000, 0x0000000100000000, 0x0000000100000000)
  eden space 394752K, 100% used [0x00000000e0000000,0x00000000f8180000,0x00000000f8180000)
  from space 49664K, 99% used [0x00000000f8180000,0x00000000fb1fc160,0x00000000fb200000)
  to   space 63488K, 0% used [0x00000000fc200000,0x00000000fc200000,0x0000000100000000)
 ParOldGen       total 190464K, used 127612K [0x00000000a0000000, 0x00000000aba00000, 0x00000000e0000000)
  object space 190464K, 67% used [0x00000000a0000000,0x00000000a7c9f398,0x00000000aba00000)
 Metaspace       used 191404K, capacity 197315K, committed 199256K, reserved 1216512K
  class space    used 31124K, capacity 32476K, committed 32896K, reserved 1048576K
Event: 15556.432 GC heap after
Heap after GC invocations=35 (full 5):
 PSYoungGen      total 441344K, used 62411K [0x00000000e0000000, 0x0000000100000000, 0x0000000100000000)
  eden space 377856K, 0% used [0x00000000e0000000,0x00000000e0000000,0x00000000f7100000)
  from space 63488K, 98% used [0x00000000fc200000,0x00000000ffef2f18,0x0000000100000000)
  to   space 73216K, 0% used [0x00000000f7100000,0x00000000f7100000,0x00000000fb880000)
 ParOldGen       total 190464K, used 127620K [0x00000000a0000000, 0x00000000aba00000, 0x00000000e0000000)
  object space 190464K, 67% used [0x00000000a0000000,0x00000000a7ca1398,0x00000000aba00000)
 Metaspace       used 191404K, capacity 197315K, committed 199256K, reserved 1216512K
  class space    used 31124K, capacity 32476K, committed 32896K, reserved 1048576K
}
Event: 15592.491 GC heap before
{Heap before GC invocations=36 (full 5):
 PSYoungGen      total 441344K, used 365724K [0x00000000e0000000, 0x0000000100000000, 0x0000000100000000)
  eden space 377856K, 80% used [0x00000000e0000000,0x00000000f2834240,0x00000000f7100000)
  from space 63488K, 98% used [0x00000000fc200000,0x00000000ffef2f18,0x0000000100000000)
  to   space 73216K, 0% used [0x00000000f7100000,0x00000000f7100000,0x00000000fb880000)
 ParOldGen       total 190464K, used 127620K [0x00000000a0000000, 0x00000000aba00000, 0x00000000e0000000)
  object space 190464K, 67% used [0x00000000a0000000,0x00000000a7ca1398,0x00000000aba00000)
 Metaspace       used 214213K, capacity 220189K, committed 222016K, reserved 1232896K
  class space    used 36141K, capacity 37529K, committed 37888K, reserved 1048576K
Event: 15593.008 GC heap after
Heap after GC invocations=36 (full 5):
 PSYoungGen      total 451072K, used 73187K [0x00000000e0000000, 0x0000000100000000, 0x0000000100000000)
  eden space 377856K, 0% used [0x00000000e0000000,0x00000000e0000000,0x00000000f7100000)
  from space 73216K, 99% used [0x00000000f7100000,0x00000000fb878c48,0x00000000fb880000)
  to   space 73216K, 0% used [0x00000000fb880000,0x00000000fb880000,0x0000000100000000)
 ParOldGen       total 190464K, used 129888K [0x00000000a0000000, 0x00000000aba00000, 0x00000000e0000000)
  object space 190464K, 68% used [0x00000000a0000000,0x00000000a7ed8318,0x00000000aba00000)
 Metaspace       used 214213K, capacity 220189K, committed 222016K, reserved 1232896K
  class space    used 36141K, capacity 37529K, committed 37888K, reserved 1048576K
}
Event: 15593.011 GC heap before
{Heap before GC invocations=37 (full 6):
 PSYoungGen      total 451072K, used 73187K [0x00000000e0000000, 0x0000000100000000, 0x0000000100000000)
  eden space 377856K, 0% used [0x00000000e0000000,0x00000000e0000000,0x00000000f7100000)
  from space 73216K, 99% used [0x00000000f7100000,0x00000000fb878c48,0x00000000fb880000)
  to   space 73216K, 0% used [0x00000000fb880000,0x00000000fb880000,0x0000000100000000)
 ParOldGen       total 190464K, used 129888K [0x00000000a0000000, 0x00000000aba00000, 0x00000000e0000000)
  object space 190464K, 68% used [0x00000000a0000000,0x00000000a7ed8318,0x00000000aba00000)
 Metaspace       used 214213K, capacity 220189K, committed 222016K, reserved 1232896K
  class space    used 36141K, capacity 37529K, committed 37888K, reserved 1048576K

